<?xml version="1.0" encoding="UTF-8"?>
<testng-results skipped="0" failed="0" ignored="0" total="1" passed="1">
  <reporter-output>
  </reporter-output>
  <suite name="Default suite" duration-ms="141082" started-at="2018-09-19T06:07:14Z" finished-at="2018-09-19T06:09:35Z">
    <groups>
    </groups>
    <test name="Default test" duration-ms="141082" started-at="2018-09-19T06:07:14Z" finished-at="2018-09-19T06:09:35Z">
      <class name="fb.facebookTest.FacebookloginTest">
        <test-method status="PASS" signature="launch()[pri:0, instance:fb.facebookTest.FacebookloginTest@ae45eb6]" name="launch" is-config="true" duration-ms="89888" started-at="2018-09-19T06:07:14Z" finished-at="2018-09-19T06:08:44Z">
          <reporter-output>
          </reporter-output>
        </test-method> <!-- launch -->
        <test-method status="PASS" signature="login()[pri:0, instance:fb.facebookTest.FacebookloginTest@ae45eb6]" name="login" duration-ms="48721" started-at="2018-09-19T06:08:44Z" finished-at="2018-09-19T06:09:33Z">
          <reporter-output>
          </reporter-output>
        </test-method> <!-- login -->
        <test-method status="PASS" signature="close()[pri:0, instance:fb.facebookTest.FacebookloginTest@ae45eb6]" name="close" is-config="true" duration-ms="2237" started-at="2018-09-19T06:09:33Z" finished-at="2018-09-19T06:09:35Z">
          <reporter-output>
          </reporter-output>
        </test-method> <!-- close -->
      </class> <!-- fb.facebookTest.FacebookloginTest -->
    </test> <!-- Default test -->
  </suite> <!-- Default suite -->
</testng-results>
